["INFO" - 16:01:54] Extension Name: "prettier-vscode".
["INFO" - 16:01:54] Extension Version: "3.11.0".
["INFO" - 16:01:54] Enabling prettier for languages:
[
  "javascript",
  "mongo",
  "javascriptreact",
  "typescript",
  "typescriptreact",
  "json",
  "jsonc",
  "json5",
  "css",
  "postcss",
  "less",
  "scss",
  "graphql",
  "markdown",
  "mdx",
  "html",
  "vue",
  "yaml"
]
["INFO" - 16:01:54] Enabling prettier for range supported languages
[
  "javascript",
  "javascriptreact",
  "typescript",
  "typescriptreact",
  "json",
  "graphql"
]
